<?xml version="1.0" encoding="UTF-8"?>
<!-- Generated by org.testng.reporters.JUnitXMLReporter -->
<testsuite ignored="1" hostname="Shekhar" failures="0" tests="2" name="Test" time="23.485" errors="0" timestamp="2022-11-24T23:56:08 IST">
  <testcase classname="Tests.HomeTest" name="homePage" time="2.442"/>
  <testcase classname="Tests.BrokenLinkTest" name="brokenLink" time="0.121"/>
  <testcase classname="Utility.BaseClass" name="@BeforeSuite setUp" time="0.0">
    <ignored/>
  </testcase> <!-- @BeforeSuite setUp -->
</testsuite> <!-- Test -->
