<?xml version="1.0" encoding="UTF-8"?>
<testng-results ignored="1" total="3" passed="2" failed="0" skipped="0">
  <reporter-output>
  </reporter-output>
  <suite started-at="2022-11-25T15:39:21 IST" name="Suite" finished-at="2022-11-25T15:40:06 IST" duration-ms="45055">
    <groups>
    </groups>
    <test started-at="2022-11-25T15:39:21 IST" name="Test" finished-at="2022-11-25T15:40:06 IST" duration-ms="45055">
      <class name="Tests.HomeTest">
        <test-method is-config="true" signature="setUp()[pri:0, instance:Tests.HomeTest@7e07db1f]" started-at="2022-11-25T15:39:21 IST" name="setUp" finished-at="2022-11-25T15:39:21 IST" duration-ms="39" status="PASS">
          <reporter-output>
          </reporter-output>
        </test-method> <!-- setUp -->
        <test-method is-config="true" signature="startUp(java.lang.String)[pri:0, instance:Tests.HomeTest@7e07db1f]" started-at="2022-11-25T15:39:21 IST" name="startUp" finished-at="2022-11-25T15:39:45 IST" duration-ms="24271" status="PASS">
          <params>
            <param index="0">
              <value>
                <![CDATA[Chrome]]>
              </value>
            </param>
          </params>
          <reporter-output>
          </reporter-output>
        </test-method> <!-- startUp -->
        <test-method signature="homePage()[pri:0, instance:Tests.HomeTest@7e07db1f]" started-at="2022-11-25T15:39:45 IST" name="homePage" finished-at="2022-11-25T15:39:52 IST" duration-ms="6593" status="PASS">
          <reporter-output>
          </reporter-output>
        </test-method> <!-- homePage -->
      </class> <!-- Tests.HomeTest -->
      <class name="Tests.BrokenLinkTest">
        <test-method is-config="true" signature="startUp(java.lang.String)[pri:0, instance:Tests.BrokenLinkTest@8f4ea7c]" started-at="2022-11-25T15:39:52 IST" name="startUp" finished-at="2022-11-25T15:40:06 IST" duration-ms="13934" status="PASS">
          <params>
            <param index="0">
              <value>
                <![CDATA[Chrome]]>
              </value>
            </param>
          </params>
          <reporter-output>
          </reporter-output>
        </test-method> <!-- startUp -->
        <test-method signature="brokenLink()[pri:0, instance:Tests.BrokenLinkTest@8f4ea7c]" started-at="2022-11-25T15:40:06 IST" name="brokenLink" finished-at="2022-11-25T15:40:06 IST" duration-ms="120" status="PASS">
          <reporter-output>
          </reporter-output>
        </test-method> <!-- brokenLink -->
      </class> <!-- Tests.BrokenLinkTest -->
    </test> <!-- Test -->
  </suite> <!-- Suite -->
</testng-results>
